  Game.cpp
c:\users\szczepan kozdęba\source\repos\project_po2\project_po2\game.h(2): warning C4081: expected 'newline'; found '.'
c:\users\szczepan kozdęba\source\repos\project_po2\project_po2\game.cpp(14): warning C4305: 'argument': truncation from '__int64' to 'unsigned int'
c:\users\szczepan kozdęba\source\repos\project_po2\project_po2\game.cpp(14): warning C4309: 'argument': truncation of constant value
c:\users\szczepan kozdęba\source\repos\project_po2\project_po2\game.cpp(126): warning C4244: 'argument': conversion from 'int' to 'float', possible loss of data
c:\users\szczepan kozdęba\source\repos\project_po2\project_po2\game.cpp(133): warning C4244: 'argument': conversion from 'int' to 'float', possible loss of data
c:\users\szczepan kozdęba\source\repos\project_po2\project_po2\game.cpp(140): warning C4244: 'argument': conversion from 'int' to 'float', possible loss of data
c:\users\szczepan kozdęba\source\repos\project_po2\project_po2\game.cpp(147): warning C4244: 'argument': conversion from 'int' to 'float', possible loss of data
c:\users\szczepan kozdęba\source\repos\project_po2\project_po2\game.cpp(155): warning C4244: 'argument': conversion from 'int' to 'float', possible loss of data
c:\users\szczepan kozdęba\source\repos\project_po2\project_po2\game.cpp(162): warning C4244: 'argument': conversion from 'int' to 'float', possible loss of data
c:\users\szczepan kozdęba\source\repos\project_po2\project_po2\game.cpp(169): warning C4244: 'argument': conversion from 'int' to 'float', possible loss of data
c:\users\szczepan kozdęba\source\repos\project_po2\project_po2\game.cpp(178): warning C4244: 'argument': conversion from 'int' to 'float', possible loss of data
c:\users\szczepan kozdęba\source\repos\project_po2\project_po2\game.cpp(185): warning C4244: 'argument': conversion from 'int' to 'float', possible loss of data
c:\users\szczepan kozdęba\source\repos\project_po2\project_po2\game.cpp(193): warning C4244: 'argument': conversion from 'int' to 'float', possible loss of data
c:\users\szczepan kozdęba\source\repos\project_po2\project_po2\game.cpp(200): warning C4244: 'argument': conversion from 'int' to 'float', possible loss of data
c:\users\szczepan kozdęba\source\repos\project_po2\project_po2\game.cpp(410): warning C4244: 'argument': conversion from 'int' to 'float', possible loss of data
  main.cpp
c:\users\szczepan kozdęba\source\repos\project_po2\project_po2\game.h(2): warning C4081: expected 'newline'; found '.'
  Generating Code...
  Project_PO2.vcxproj -> C:\Users\Szczepan Kozdęba\source\repos\Project_PO2\Debug\Project_PO2.exe
